Using pre-set license
Built from '2020.3/staging' branch; Version is '2020.3.24f1 (79c78de19888) revision 7980941'; Using compiler version '192528614'; Build Type 'Release'
OS: 'Windows 10  (10.0.19044) 64bit Professional' Language: 'de' Physical Memory: 16331 MB
BatchMode: 1, IsHumanControllingUs: 0, StartBugReporterOnCrash: 0, Is64bit: 1, IsPro: 0

COMMAND LINE ARGUMENTS:
A:\Unity\Unity\2020.3.24f1\Editor\Unity.exe
-adb2
-batchMode
-noUpm
-name
AssetImportWorker0
-projectPath
F:/Work/Schule/Projektwoche/Projektwoche/Projektwoche
-logFile
Logs/AssetImportWorker0.log
-srvPort
52892
Successfully changed project path to: F:/Work/Schule/Projektwoche/Projektwoche/Projektwoche
F:/Work/Schule/Projektwoche/Projektwoche/Projektwoche
Using Asset Import Pipeline V2.
Refreshing native plugins compatible for Editor in 37.09 ms, found 2 plugins.
Preloading 0 native plugins for Editor in 0.00 ms.
Initialize engine version: 2020.3.24f1 (79c78de19888)
[Subsystems] Discovering subsystems at path A:/Unity/Unity/2020.3.24f1/Editor/Data/Resources/UnitySubsystems
[Subsystems] Discovering subsystems at path F:/Work/Schule/Projektwoche/Projektwoche/Projektwoche/Assets
GfxDevice: creating device client; threaded=0
Direct3D:
    Version:  Direct3D 11.0 [level 11.1]
    Renderer: NVIDIA GeForce GTX 1060 6GB (ID=0x1c03)
    Vendor:   
    VRAM:     6052 MB
    Driver:   30.0.14.9709
Initialize mono
Mono path[0] = 'A:/Unity/Unity/2020.3.24f1/Editor/Data/Managed'
Mono path[1] = 'A:/Unity/Unity/2020.3.24f1/Editor/Data/MonoBleedingEdge/lib/mono/unityjit'
Mono config path = 'A:/Unity/Unity/2020.3.24f1/Editor/Data/MonoBleedingEdge/etc'
Using monoOptions --debugger-agent=transport=dt_socket,embedding=1,server=y,suspend=n,address=127.0.0.1:56624
Begin MonoManager ReloadAssembly
Registering precompiled unity dll's ...
Register platform support module: A:/Unity/Unity/2020.3.24f1/Editor/Data/PlaybackEngines/WindowsStandaloneSupport/UnityEditor.WindowsStandalone.Extensions.dll
Registered in 0.001705 seconds.
Native extension for WindowsStandalone target not found
Refreshing native plugins compatible for Editor in 36.56 ms, found 2 plugins.
Preloading 0 native plugins for Editor in 0.00 ms.
Mono: successfully reloaded assembly
- Completed reload, in  0.707 seconds
Domain Reload Profiling:
	ReloadAssembly (707ms)
		BeginReloadAssembly (85ms)
			ExecutionOrderSort (0ms)
			DisableScriptedObjects (0ms)
			BackupInstance (0ms)
			ReleaseScriptingObjects (0ms)
			CreateAndSetChildDomain (1ms)
		EndReloadAssembly (534ms)
			LoadAssemblies (85ms)
			RebuildTransferFunctionScriptingTraits (0ms)
			SetupTypeCache (183ms)
			ReleaseScriptCaches (0ms)
			RebuildScriptCaches (35ms)
			SetupLoadedEditorAssemblies (203ms)
				LogAssemblyErrors (0ms)
				InitializePlatformSupportModulesInManaged (5ms)
				SetLoadedEditorAssemblies (0ms)
				RefreshPlugins (37ms)
				BeforeProcessingInitializeOnLoad (11ms)
				ProcessInitializeOnLoadAttributes (110ms)
				ProcessInitializeOnLoadMethodAttributes (40ms)
				AfterProcessingInitializeOnLoad (0ms)
				EditorAssembliesLoaded (0ms)
			ExecutionOrderSort2 (0ms)
			AwakeInstancesAfterBackupRestoration (0ms)
Platform modules already initialized, skipping
Registering precompiled user dll's ...
Registered in 0.004771 seconds.
Begin MonoManager ReloadAssembly
Native extension for WindowsStandalone target not found
Refreshing native plugins compatible for Editor in 0.38 ms, found 2 plugins.
Preloading 0 native plugins for Editor in 0.00 ms.
Mono: successfully reloaded assembly
- Completed reload, in  1.197 seconds
Domain Reload Profiling:
	ReloadAssembly (1198ms)
		BeginReloadAssembly (192ms)
			ExecutionOrderSort (0ms)
			DisableScriptedObjects (7ms)
			BackupInstance (0ms)
			ReleaseScriptingObjects (0ms)
			CreateAndSetChildDomain (21ms)
		EndReloadAssembly (934ms)
			LoadAssemblies (121ms)
			RebuildTransferFunctionScriptingTraits (0ms)
			SetupTypeCache (328ms)
			ReleaseScriptCaches (0ms)
			RebuildScriptCaches (49ms)
			SetupLoadedEditorAssemblies (346ms)
				LogAssemblyErrors (0ms)
				InitializePlatformSupportModulesInManaged (6ms)
				SetLoadedEditorAssemblies (1ms)
				RefreshPlugins (0ms)
				BeforeProcessingInitializeOnLoad (68ms)
				ProcessInitializeOnLoadAttributes (256ms)
				ProcessInitializeOnLoadMethodAttributes (12ms)
				AfterProcessingInitializeOnLoad (3ms)
				EditorAssembliesLoaded (0ms)
			ExecutionOrderSort2 (0ms)
			AwakeInstancesAfterBackupRestoration (8ms)
Platform modules already initialized, skipping
========================================================================
Worker process is ready to serve import requests
Launched and connected shader compiler UnityShaderCompiler.exe after 0.06 seconds
Refreshing native plugins compatible for Editor in 0.39 ms, found 2 plugins.
Preloading 0 native plugins for Editor in 0.00 ms.
Unloading 1500 Unused Serialized files (Serialized files now loaded: 0)
System memory in use before: 67.4 MB.
System memory in use after: 67.5 MB.

Unloading 19 unused Assets to reduce memory usage. Loaded Objects now: 1932.
Total: 3.504300 ms (FindLiveObjects: 0.203100 ms CreateObjectMapping: 0.068500 ms MarkObjects: 3.143900 ms  DeleteObjects: 0.087400 ms)

AssetImportParameters requested are different than current active one (requested -> active):
  custom:framework-win-MediaFoundation: 216162199b28c13a410421893ffa2e32 -> 
  custom:video-decoder-ogg-theora: a1e56fd34408186e4bbccfd4996cb3dc -> 
  custom:container-muxer-webm: aa71ff27fc2769a1b78a27578f13a17b -> 
  custom:container-demuxer-webm: 4f35f7cbe854078d1ac9338744f61a02 -> 
  custom:container-demuxer-ogg: 62fdf1f143b41e24485cea50d1cbac27 -> 
  custom:video-encoder-webm-vp8: eb34c28f22e8b96e1ab97ce403110664 -> 
  custom:video-decoder-webm-vp8: 9c59270c3fd7afecdb556c50c9e8de78 -> 
  custom:audio-decoder-ogg-vorbis: bf7c407c2cedff20999df2af8eb42d56 -> 
  custom:audio-encoder-webm-vorbis: bf7c407c2cedff20999df2af8eb42d56 -> 
========================================================================
Received Import Request.
  path: Assets/Levels
  artifactKey: Guid(345a14bec104c2b4191557cdf4d9281b) Importer(815301076,1909f56bfc062723c751e8b465ee728b)
Start importing Assets/Levels using Guid(345a14bec104c2b4191557cdf4d9281b) Importer(815301076,1909f56bfc062723c751e8b465ee728b)  -> (artifact id: 'e0c911d709c7f2c7938aabeced6b18a6') in 0.012010 seconds 
  Import took 0.014894 seconds .

========================================================================
Received Import Request.
  Time since last request: 25.789434 seconds.
  path: Assets/Levels/MainMenu.unity
  artifactKey: Guid(fd44f7f85e6e06a4bab5fbe98e214c1a) Importer(815301076,1909f56bfc062723c751e8b465ee728b)
Start importing Assets/Levels/MainMenu.unity using Guid(fd44f7f85e6e06a4bab5fbe98e214c1a) Importer(815301076,1909f56bfc062723c751e8b465ee728b)  -> (artifact id: 'c56febbedd1b4a5cdbae4a81f1e561ef') in 0.020428 seconds 
  Import took 0.023400 seconds .

========================================================================
Received Import Request.
  Time since last request: 152.168920 seconds.
  path: Assets/Levels/MainMenu
  artifactKey: Guid(b12c380366687864eb2d2b1867c2be60) Importer(815301076,1909f56bfc062723c751e8b465ee728b)
Start importing Assets/Levels/MainMenu using Guid(b12c380366687864eb2d2b1867c2be60) Importer(815301076,1909f56bfc062723c751e8b465ee728b)  -> (artifact id: '08751fc9668bdfe149c1a9c089311a3a') in 0.009492 seconds 
  Import took 0.012442 seconds .

========================================================================
Received Import Request.
  Time since last request: 4.056100 seconds.
  path: Assets/Levels/MainMenu/MainMenu.unity
  artifactKey: Guid(fd44f7f85e6e06a4bab5fbe98e214c1a) Importer(815301076,1909f56bfc062723c751e8b465ee728b)
Start importing Assets/Levels/MainMenu/MainMenu.unity using Guid(fd44f7f85e6e06a4bab5fbe98e214c1a) Importer(815301076,1909f56bfc062723c751e8b465ee728b)  -> (artifact id: '5c6fe8fd1d755b50b0e89a54ab869c82') in 0.003119 seconds 
  Import took 0.006458 seconds .

AssetImportWorkerClient::OnTransportError - code=2 error=End of file
