Using pre-set license
Built from '2020.3/staging' branch; Version is '2020.3.26f1 (7298b473bc1a) revision 7510196'; Using compiler version '192528614'; Build Type 'Release'
OS: 'Windows 10  (10.0.19042) 64bit Education' Language: 'de' Physical Memory: 16275 MB
BatchMode: 1, IsHumanControllingUs: 0, StartBugReporterOnCrash: 0, Is64bit: 1, IsPro: 0

COMMAND LINE ARGUMENTS:
D:\Applications\Unity\Unity\2020.3.26f1\Editor\Unity.exe
-adb2
-batchMode
-noUpm
-name
AssetImportWorker0
-projectPath
C:/Users/User/Documents/GitHub/Projektwoche/Projektwoche
-logFile
Logs/AssetImportWorker0.log
-srvPort
56699
Successfully changed project path to: C:/Users/User/Documents/GitHub/Projektwoche/Projektwoche
C:/Users/User/Documents/GitHub/Projektwoche/Projektwoche
Using Asset Import Pipeline V2.
Refreshing native plugins compatible for Editor in 74.01 ms, found 2 plugins.
Preloading 0 native plugins for Editor in 0.00 ms.
Initialize engine version: 2020.3.26f1 (7298b473bc1a)
[Subsystems] Discovering subsystems at path D:/Applications/Unity/Unity/2020.3.26f1/Editor/Data/Resources/UnitySubsystems
[Subsystems] Discovering subsystems at path C:/Users/User/Documents/GitHub/Projektwoche/Projektwoche/Assets
GfxDevice: creating device client; threaded=0
Direct3D:
    Version:  Direct3D 11.0 [level 11.1]
    Renderer: Intel(R) UHD Graphics 630 (ID=0x3e92)
    Vendor:   
    VRAM:     8137 MB
    Driver:   27.20.100.8681
Initialize mono
Mono path[0] = 'D:/Applications/Unity/Unity/2020.3.26f1/Editor/Data/Managed'
Mono path[1] = 'D:/Applications/Unity/Unity/2020.3.26f1/Editor/Data/MonoBleedingEdge/lib/mono/unityjit'
Mono config path = 'D:/Applications/Unity/Unity/2020.3.26f1/Editor/Data/MonoBleedingEdge/etc'
Using monoOptions --debugger-agent=transport=dt_socket,embedding=1,server=y,suspend=n,address=127.0.0.1:56244
Begin MonoManager ReloadAssembly
Registering precompiled unity dll's ...
Register platform support module: D:/Applications/Unity/Unity/2020.3.26f1/Editor/Data/PlaybackEngines/WebGLSupport/UnityEditor.WebGL.Extensions.dll
Register platform support module: D:/Applications/Unity/Unity/2020.3.26f1/Editor/Data/PlaybackEngines/WindowsStandaloneSupport/UnityEditor.WindowsStandalone.Extensions.dll
Registered in 0.002027 seconds.
Native extension for WindowsStandalone target not found
Native extension for WebGL target not found
Refreshing native plugins compatible for Editor in 31.48 ms, found 2 plugins.
Preloading 0 native plugins for Editor in 0.00 ms.
Mono: successfully reloaded assembly
- Completed reload, in  0.579 seconds
Domain Reload Profiling:
	ReloadAssembly (579ms)
		BeginReloadAssembly (57ms)
			ExecutionOrderSort (0ms)
			DisableScriptedObjects (0ms)
			BackupInstance (0ms)
			ReleaseScriptingObjects (0ms)
			CreateAndSetChildDomain (1ms)
		EndReloadAssembly (460ms)
			LoadAssemblies (60ms)
			RebuildTransferFunctionScriptingTraits (0ms)
			SetupTypeCache (173ms)
			ReleaseScriptCaches (0ms)
			RebuildScriptCaches (27ms)
			SetupLoadedEditorAssemblies (146ms)
				LogAssemblyErrors (0ms)
				InitializePlatformSupportModulesInManaged (6ms)
				SetLoadedEditorAssemblies (0ms)
				RefreshPlugins (32ms)
				BeforeProcessingInitializeOnLoad (7ms)
				ProcessInitializeOnLoadAttributes (73ms)
				ProcessInitializeOnLoadMethodAttributes (27ms)
				AfterProcessingInitializeOnLoad (0ms)
				EditorAssembliesLoaded (0ms)
			ExecutionOrderSort2 (0ms)
			AwakeInstancesAfterBackupRestoration (0ms)
Platform modules already initialized, skipping
Registering precompiled user dll's ...
Registered in 0.029182 seconds.
Begin MonoManager ReloadAssembly
Native extension for WindowsStandalone target not found
Native extension for WebGL target not found
Refreshing native plugins compatible for Editor in 0.34 ms, found 2 plugins.
Preloading 0 native plugins for Editor in 0.00 ms.
Mono: successfully reloaded assembly
- Completed reload, in  1.622 seconds
Domain Reload Profiling:
	ReloadAssembly (1625ms)
		BeginReloadAssembly (132ms)
			ExecutionOrderSort (0ms)
			DisableScriptedObjects (4ms)
			BackupInstance (0ms)
			ReleaseScriptingObjects (0ms)
			CreateAndSetChildDomain (16ms)
		EndReloadAssembly (1444ms)
			LoadAssemblies (97ms)
			RebuildTransferFunctionScriptingTraits (0ms)
			SetupTypeCache (257ms)
			ReleaseScriptCaches (0ms)
			RebuildScriptCaches (38ms)
			SetupLoadedEditorAssemblies (986ms)
				LogAssemblyErrors (0ms)
				InitializePlatformSupportModulesInManaged (4ms)
				SetLoadedEditorAssemblies (1ms)
				RefreshPlugins (0ms)
				BeforeProcessingInitializeOnLoad (49ms)
				ProcessInitializeOnLoadAttributes (891ms)
				ProcessInitializeOnLoadMethodAttributes (38ms)
				AfterProcessingInitializeOnLoad (2ms)
				EditorAssembliesLoaded (0ms)
			ExecutionOrderSort2 (0ms)
			AwakeInstancesAfterBackupRestoration (5ms)
Platform modules already initialized, skipping
========================================================================
Worker process is ready to serve import requests
Launched and connected shader compiler UnityShaderCompiler.exe after 0.06 seconds
Refreshing native plugins compatible for Editor in 0.34 ms, found 2 plugins.
Preloading 0 native plugins for Editor in 0.00 ms.
Unloading 1904 Unused Serialized files (Serialized files now loaded: 0)
System memory in use before: 87.7 MB.
System memory in use after: 87.8 MB.

Unloading 20 unused Assets to reduce memory usage. Loaded Objects now: 2337.
Total: 2.758500 ms (FindLiveObjects: 0.122400 ms CreateObjectMapping: 0.052600 ms MarkObjects: 2.482500 ms  DeleteObjects: 0.100000 ms)

AssetImportParameters requested are different than current active one (requested -> active):
  custom:framework-win-MediaFoundation: 216162199b28c13a410421893ffa2e32 -> 
  custom:video-decoder-ogg-theora: a1e56fd34408186e4bbccfd4996cb3dc -> 
  custom:container-muxer-webm: aa71ff27fc2769a1b78a27578f13a17b -> 
  custom:container-demuxer-webm: 4f35f7cbe854078d1ac9338744f61a02 -> 
  custom:container-demuxer-ogg: 62fdf1f143b41e24485cea50d1cbac27 -> 
  custom:video-encoder-webm-vp8: eb34c28f22e8b96e1ab97ce403110664 -> 
  custom:video-decoder-webm-vp8: 9c59270c3fd7afecdb556c50c9e8de78 -> 
  custom:audio-decoder-ogg-vorbis: bf7c407c2cedff20999df2af8eb42d56 -> 
  custom:audio-encoder-webm-vorbis: bf7c407c2cedff20999df2af8eb42d56 -> 
========================================================================
Received Import Request.
  path: Assets/Levels/MainMenu/Name.fbx
  artifactKey: Guid(7efd2308f50f5934ba9f8a57517a893e) Importer(815301076,1909f56bfc062723c751e8b465ee728b)
Start importing Assets/Levels/MainMenu/Name.fbx using Guid(7efd2308f50f5934ba9f8a57517a893e) Importer(815301076,1909f56bfc062723c751e8b465ee728b)  -> (artifact id: '7c7f6f0454c7b59a5533ab221f56c128') in 0.253034 seconds 
  Import took 0.255627 seconds .

========================================================================
Received Import Request.
  Time since last request: 0.000274 seconds.
  path: Assets/Levels/MainMenu/UIEnemy.prefab
  artifactKey: Guid(331447e047614a94496a935c33ad97d3) Importer(815301076,1909f56bfc062723c751e8b465ee728b)
Start importing Assets/Levels/MainMenu/UIEnemy.prefab using Guid(331447e047614a94496a935c33ad97d3) Importer(815301076,1909f56bfc062723c751e8b465ee728b)  -> (artifact id: 'b97db1715a4933588abf82c915139693') in 0.067725 seconds 
  Import took 0.070433 seconds .

========================================================================
Received Import Request.
  Time since last request: 0.000263 seconds.
  path: Assets/Levels/MainMenu/mat_Ground.mat
  artifactKey: Guid(dde4eac725d518043a7fd307d9018cc3) Importer(815301076,1909f56bfc062723c751e8b465ee728b)
Start importing Assets/Levels/MainMenu/mat_Ground.mat using Guid(dde4eac725d518043a7fd307d9018cc3) Importer(815301076,1909f56bfc062723c751e8b465ee728b)  -> (artifact id: '5986a335abadb4c4d67bfb911d71f6c0') in 0.044812 seconds 
  Import took 0.047308 seconds .

========================================================================
Received Import Request.
  Time since last request: 0.000393 seconds.
  path: Assets/Levels/MainMenu/mat_Name.mat
  artifactKey: Guid(0a54a57ae8f20064da0a6e1a31552223) Importer(815301076,1909f56bfc062723c751e8b465ee728b)
Start importing Assets/Levels/MainMenu/mat_Name.mat using Guid(0a54a57ae8f20064da0a6e1a31552223) Importer(815301076,1909f56bfc062723c751e8b465ee728b)  -> (artifact id: '57bd6ebc5e8f80cc4166025706d6be4a') in 0.020383 seconds 
  Import took 0.024513 seconds .

========================================================================
Received Import Request.
  Time since last request: 0.000465 seconds.
  path: Assets/Levels/MainMenu/MainMenu.unity
  artifactKey: Guid(fd44f7f85e6e06a4bab5fbe98e214c1a) Importer(815301076,1909f56bfc062723c751e8b465ee728b)
Start importing Assets/Levels/MainMenu/MainMenu.unity using Guid(fd44f7f85e6e06a4bab5fbe98e214c1a) Importer(815301076,1909f56bfc062723c751e8b465ee728b)  -> (artifact id: 'a194e7f28d171dfc0d2bce4734bb4b14') in 0.008639 seconds 
  Import took 0.013146 seconds .

========================================================================
Received Prepare
Refreshing native plugins compatible for Editor in 4.70 ms, found 2 plugins.
Preloading 0 native plugins for Editor in 0.00 ms.
Unloading 13 Unused Serialized files (Serialized files now loaded: 0)
System memory in use before: 67.5 MB.
System memory in use after: 67.6 MB.

Unloading 14 unused Assets to reduce memory usage. Loaded Objects now: 2381.
Total: 3.557100 ms (FindLiveObjects: 0.127200 ms CreateObjectMapping: 0.056300 ms MarkObjects: 3.330900 ms  DeleteObjects: 0.041700 ms)

AssetImportParameters requested are different than current active one (requested -> active):
  custom:framework-win-MediaFoundation: 216162199b28c13a410421893ffa2e32 -> 
  custom:video-decoder-ogg-theora: a1e56fd34408186e4bbccfd4996cb3dc -> 
  custom:container-muxer-webm: aa71ff27fc2769a1b78a27578f13a17b -> 
  custom:container-demuxer-webm: 4f35f7cbe854078d1ac9338744f61a02 -> 
  custom:container-demuxer-ogg: 62fdf1f143b41e24485cea50d1cbac27 -> 
  custom:video-encoder-webm-vp8: eb34c28f22e8b96e1ab97ce403110664 -> 
  custom:video-decoder-webm-vp8: 9c59270c3fd7afecdb556c50c9e8de78 -> 
  custom:audio-decoder-ogg-vorbis: bf7c407c2cedff20999df2af8eb42d56 -> 
  custom:audio-encoder-webm-vorbis: bf7c407c2cedff20999df2af8eb42d56 -> 
========================================================================
Received Import Request.
  Time since last request: 68.930389 seconds.
  path: Assets/Levels/MainMenu
  artifactKey: Guid(b12c380366687864eb2d2b1867c2be60) Importer(815301076,1909f56bfc062723c751e8b465ee728b)
Start importing Assets/Levels/MainMenu using Guid(b12c380366687864eb2d2b1867c2be60) Importer(815301076,1909f56bfc062723c751e8b465ee728b)  -> (artifact id: '7c7a4857f6d1d74f3103daf3facdb414') in 0.007136 seconds 
  Import took 0.011124 seconds .

========================================================================
Received Import Request.
  Time since last request: 6.868284 seconds.
  path: Assets/Levels/MainMenu/Info.cs
  artifactKey: Guid(0f5814bf51e431a47a95b82d8623b023) Importer(815301076,1909f56bfc062723c751e8b465ee728b)
Start importing Assets/Levels/MainMenu/Info.cs using Guid(0f5814bf51e431a47a95b82d8623b023) Importer(815301076,1909f56bfc062723c751e8b465ee728b)  -> (artifact id: '3bba8142bbb0d531ee657186078431ff') in 0.028394 seconds 
  Import took 0.031394 seconds .

========================================================================
Received Import Request.
  Time since last request: 10.479998 seconds.
  path: Assets/Levels/MainMenu/mat_Name.mat
  artifactKey: Guid(0a54a57ae8f20064da0a6e1a31552223) Importer(815301076,1909f56bfc062723c751e8b465ee728b)
Start importing Assets/Levels/MainMenu/mat_Name.mat using Guid(0a54a57ae8f20064da0a6e1a31552223) Importer(815301076,1909f56bfc062723c751e8b465ee728b)  -> (artifact id: '76b2e35d6a561391955c89b5841d866a') in 0.027835 seconds 
  Import took 0.031756 seconds .

========================================================================
Received Import Request.
  Time since last request: 52.208016 seconds.
  path: Assets/Levels/MainMenu/MainMenu_Info.cs
  artifactKey: Guid(0f5814bf51e431a47a95b82d8623b023) Importer(815301076,1909f56bfc062723c751e8b465ee728b)
Start importing Assets/Levels/MainMenu/MainMenu_Info.cs using Guid(0f5814bf51e431a47a95b82d8623b023) Importer(815301076,1909f56bfc062723c751e8b465ee728b)  -> (artifact id: '3c623a1fc64d76cbbfafae15bb88c77a') in 0.007316 seconds 
  Import took 0.012279 seconds .

========================================================================
Received Import Request.
  Time since last request: 26.770315 seconds.
  path: Assets/UI/Towers/Info/Info.cs
  artifactKey: Guid(fe08e0a0adc1aeb4cb49eee0e5963b63) Importer(815301076,1909f56bfc062723c751e8b465ee728b)
Start importing Assets/UI/Towers/Info/Info.cs using Guid(fe08e0a0adc1aeb4cb49eee0e5963b63) Importer(815301076,1909f56bfc062723c751e8b465ee728b)  -> (artifact id: 'e58de143d3b07980f8e7b382b6f52ad5') in 0.008931 seconds 
  Import took 0.012894 seconds .

========================================================================
Received Import Request.
  Time since last request: 6.493737 seconds.
  path: Assets/UI
  artifactKey: Guid(20d1c1e57ebfc3040bae02b7dafc8e87) Importer(815301076,1909f56bfc062723c751e8b465ee728b)
Start importing Assets/UI using Guid(20d1c1e57ebfc3040bae02b7dafc8e87) Importer(815301076,1909f56bfc062723c751e8b465ee728b)  -> (artifact id: '012470c74d0b220bee099effce3bc581') in 0.019341 seconds 
  Import took 0.038042 seconds .

========================================================================
Received Import Request.
  Time since last request: 1.780849 seconds.
  path: Assets/UI/Ingame
  artifactKey: Guid(c1340f0e084360340aabdc151ff7e952) Importer(815301076,1909f56bfc062723c751e8b465ee728b)
Start importing Assets/UI/Ingame using Guid(c1340f0e084360340aabdc151ff7e952) Importer(815301076,1909f56bfc062723c751e8b465ee728b)  -> (artifact id: 'b9c358474a436f9d7a2207e033eb688f') in 0.009300 seconds 
  Import took 0.013756 seconds .

========================================================================
Received Import Request.
  Time since last request: 3.505317 seconds.
  path: Assets/Levels/SceneHandler.prefab
  artifactKey: Guid(8b07fe0c8b65aef44a06a3c5ee3f92b2) Importer(815301076,1909f56bfc062723c751e8b465ee728b)
Start importing Assets/Levels/SceneHandler.prefab using Guid(8b07fe0c8b65aef44a06a3c5ee3f92b2) Importer(815301076,1909f56bfc062723c751e8b465ee728b)  -> (artifact id: '701b0f0e6ef6a8641d7a15787090aecd') in 0.007771 seconds 
  Import took 0.011795 seconds .

========================================================================
Received Prepare
Registering precompiled user dll's ...
Registered in 0.009880 seconds.
Begin MonoManager ReloadAssembly
Native extension for WindowsStandalone target not found
Native extension for WebGL target not found
Refreshing native plugins compatible for Editor in 0.38 ms, found 2 plugins.
Preloading 0 native plugins for Editor in 0.00 ms.
Mono: successfully reloaded assembly
- Completed reload, in  1.100 seconds
Domain Reload Profiling:
	ReloadAssembly (1100ms)
		BeginReloadAssembly (134ms)
			ExecutionOrderSort (0ms)
			DisableScriptedObjects (3ms)
			BackupInstance (0ms)
			ReleaseScriptingObjects (0ms)
			CreateAndSetChildDomain (37ms)
		EndReloadAssembly (917ms)
			LoadAssemblies (98ms)
			RebuildTransferFunctionScriptingTraits (0ms)
			SetupTypeCache (273ms)
			ReleaseScriptCaches (1ms)
			RebuildScriptCaches (37ms)
			SetupLoadedEditorAssemblies (424ms)
				LogAssemblyErrors (0ms)
				InitializePlatformSupportModulesInManaged (5ms)
				SetLoadedEditorAssemblies (1ms)
				RefreshPlugins (0ms)
				BeforeProcessingInitializeOnLoad (56ms)
				ProcessInitializeOnLoadAttributes (352ms)
				ProcessInitializeOnLoadMethodAttributes (7ms)
				AfterProcessingInitializeOnLoad (2ms)
				EditorAssembliesLoaded (0ms)
			ExecutionOrderSort2 (0ms)
			AwakeInstancesAfterBackupRestoration (6ms)
Platform modules already initialized, skipping
Refreshing native plugins compatible for Editor in 0.38 ms, found 2 plugins.
Preloading 0 native plugins for Editor in 0.00 ms.
Unloading 1897 Unused Serialized files (Serialized files now loaded: 0)
System memory in use before: 104.4 MB.
System memory in use after: 104.5 MB.

Unloading 15 unused Assets to reduce memory usage. Loaded Objects now: 2384.
Total: 2.610600 ms (FindLiveObjects: 0.167000 ms CreateObjectMapping: 0.077400 ms MarkObjects: 2.348900 ms  DeleteObjects: 0.016400 ms)

AssetImportParameters requested are different than current active one (requested -> active):
  custom:framework-win-MediaFoundation: 216162199b28c13a410421893ffa2e32 -> 
  custom:video-decoder-ogg-theora: a1e56fd34408186e4bbccfd4996cb3dc -> 
  custom:container-muxer-webm: aa71ff27fc2769a1b78a27578f13a17b -> 
  custom:container-demuxer-webm: 4f35f7cbe854078d1ac9338744f61a02 -> 
  custom:container-demuxer-ogg: 62fdf1f143b41e24485cea50d1cbac27 -> 
  custom:video-encoder-webm-vp8: eb34c28f22e8b96e1ab97ce403110664 -> 
  custom:video-decoder-webm-vp8: 9c59270c3fd7afecdb556c50c9e8de78 -> 
  custom:audio-decoder-ogg-vorbis: bf7c407c2cedff20999df2af8eb42d56 -> 
  custom:audio-encoder-webm-vorbis: bf7c407c2cedff20999df2af8eb42d56 -> 
========================================================================
Received Import Request.
  Time since last request: 69.457932 seconds.
  path: Assets/Levels/MainMenu/MainMenu.cs
  artifactKey: Guid(a3d9e7956d8d428478f3dc50b1fbd2f7) Importer(815301076,1909f56bfc062723c751e8b465ee728b)
Start importing Assets/Levels/MainMenu/MainMenu.cs using Guid(a3d9e7956d8d428478f3dc50b1fbd2f7) Importer(815301076,1909f56bfc062723c751e8b465ee728b)  -> (artifact id: '970ca16e0178a10beefc15318c3cfd77') in 0.006088 seconds 
  Import took 0.008995 seconds .

========================================================================
Received Import Request.
  Time since last request: 37.658258 seconds.
  path: Assets/Levels/MainMenu/MainMenu.unity
  artifactKey: Guid(fd44f7f85e6e06a4bab5fbe98e214c1a) Importer(815301076,1909f56bfc062723c751e8b465ee728b)
Start importing Assets/Levels/MainMenu/MainMenu.unity using Guid(fd44f7f85e6e06a4bab5fbe98e214c1a) Importer(815301076,1909f56bfc062723c751e8b465ee728b)  -> (artifact id: 'fb9d25f08ac78a356a271dd931e45550') in 0.018203 seconds 
  Import took 0.021834 seconds .

========================================================================
Received Prepare
Registering precompiled user dll's ...
Registered in 0.013075 seconds.
Begin MonoManager ReloadAssembly
Native extension for WindowsStandalone target not found
Native extension for WebGL target not found
Refreshing native plugins compatible for Editor in 0.35 ms, found 2 plugins.
Preloading 0 native plugins for Editor in 0.00 ms.
Mono: successfully reloaded assembly
- Completed reload, in  0.924 seconds
Domain Reload Profiling:
	ReloadAssembly (924ms)
		BeginReloadAssembly (113ms)
			ExecutionOrderSort (0ms)
			DisableScriptedObjects (7ms)
			BackupInstance (0ms)
			ReleaseScriptingObjects (0ms)
			CreateAndSetChildDomain (30ms)
		EndReloadAssembly (763ms)
			LoadAssemblies (101ms)
			RebuildTransferFunctionScriptingTraits (0ms)
			SetupTypeCache (234ms)
			ReleaseScriptCaches (1ms)
			RebuildScriptCaches (31ms)
			SetupLoadedEditorAssemblies (327ms)
				LogAssemblyErrors (0ms)
				InitializePlatformSupportModulesInManaged (4ms)
				SetLoadedEditorAssemblies (0ms)
				RefreshPlugins (0ms)
				BeforeProcessingInitializeOnLoad (41ms)
				ProcessInitializeOnLoadAttributes (273ms)
				ProcessInitializeOnLoadMethodAttributes (6ms)
				AfterProcessingInitializeOnLoad (2ms)
				EditorAssembliesLoaded (0ms)
			ExecutionOrderSort2 (0ms)
			AwakeInstancesAfterBackupRestoration (5ms)
Platform modules already initialized, skipping
Refreshing native plugins compatible for Editor in 0.39 ms, found 2 plugins.
Preloading 0 native plugins for Editor in 0.00 ms.
Unloading 1896 Unused Serialized files (Serialized files now loaded: 0)
System memory in use before: 104.4 MB.
System memory in use after: 104.6 MB.

Unloading 16 unused Assets to reduce memory usage. Loaded Objects now: 2385.
Total: 2.784100 ms (FindLiveObjects: 0.131700 ms CreateObjectMapping: 0.054400 ms MarkObjects: 2.551600 ms  DeleteObjects: 0.044900 ms)

AssetImportParameters requested are different than current active one (requested -> active):
  custom:framework-win-MediaFoundation: 216162199b28c13a410421893ffa2e32 -> 
  custom:video-decoder-ogg-theora: a1e56fd34408186e4bbccfd4996cb3dc -> 
  custom:container-muxer-webm: aa71ff27fc2769a1b78a27578f13a17b -> 
  custom:container-demuxer-webm: 4f35f7cbe854078d1ac9338744f61a02 -> 
  custom:container-demuxer-ogg: 62fdf1f143b41e24485cea50d1cbac27 -> 
  custom:video-encoder-webm-vp8: eb34c28f22e8b96e1ab97ce403110664 -> 
  custom:video-decoder-webm-vp8: 9c59270c3fd7afecdb556c50c9e8de78 -> 
  custom:audio-decoder-ogg-vorbis: bf7c407c2cedff20999df2af8eb42d56 -> 
  custom:audio-encoder-webm-vorbis: bf7c407c2cedff20999df2af8eb42d56 -> 
========================================================================
Received Import Request.
  Time since last request: 34.833315 seconds.
  path: Assets/Levels/MainMenu/HowToPlay.cs
  artifactKey: Guid(1a0731a4b0c0f80489ba2295a29ad498) Importer(815301076,1909f56bfc062723c751e8b465ee728b)
Start importing Assets/Levels/MainMenu/HowToPlay.cs using Guid(1a0731a4b0c0f80489ba2295a29ad498) Importer(815301076,1909f56bfc062723c751e8b465ee728b)  -> (artifact id: '148c9bddf15aec602f40e47c597c24ee') in 0.009782 seconds 
  Import took 0.013624 seconds .

========================================================================
Received Prepare
Registering precompiled user dll's ...
Registered in 0.008360 seconds.
Begin MonoManager ReloadAssembly
Native extension for WindowsStandalone target not found
Native extension for WebGL target not found
Refreshing native plugins compatible for Editor in 0.35 ms, found 2 plugins.
Preloading 0 native plugins for Editor in 0.00 ms.
Mono: successfully reloaded assembly
- Completed reload, in  1.012 seconds
Domain Reload Profiling:
	ReloadAssembly (1012ms)
		BeginReloadAssembly (106ms)
			ExecutionOrderSort (0ms)
			DisableScriptedObjects (4ms)
			BackupInstance (0ms)
			ReleaseScriptingObjects (0ms)
			CreateAndSetChildDomain (31ms)
		EndReloadAssembly (852ms)
			LoadAssemblies (108ms)
			RebuildTransferFunctionScriptingTraits (0ms)
			SetupTypeCache (261ms)
			ReleaseScriptCaches (1ms)
			RebuildScriptCaches (37ms)
			SetupLoadedEditorAssemblies (371ms)
				LogAssemblyErrors (0ms)
				InitializePlatformSupportModulesInManaged (5ms)
				SetLoadedEditorAssemblies (0ms)
				RefreshPlugins (0ms)
				BeforeProcessingInitializeOnLoad (45ms)
				ProcessInitializeOnLoadAttributes (310ms)
				ProcessInitializeOnLoadMethodAttributes (7ms)
				AfterProcessingInitializeOnLoad (2ms)
				EditorAssembliesLoaded (0ms)
			ExecutionOrderSort2 (0ms)
			AwakeInstancesAfterBackupRestoration (6ms)
Platform modules already initialized, skipping
Refreshing native plugins compatible for Editor in 0.53 ms, found 2 plugins.
Preloading 0 native plugins for Editor in 0.00 ms.
Unloading 1897 Unused Serialized files (Serialized files now loaded: 0)
System memory in use before: 104.7 MB.
System memory in use after: 104.8 MB.

Unloading 15 unused Assets to reduce memory usage. Loaded Objects now: 2388.
Total: 3.035100 ms (FindLiveObjects: 0.132600 ms CreateObjectMapping: 0.056100 ms MarkObjects: 2.805100 ms  DeleteObjects: 0.040500 ms)

AssetImportParameters requested are different than current active one (requested -> active):
  custom:framework-win-MediaFoundation: 216162199b28c13a410421893ffa2e32 -> 
  custom:video-decoder-ogg-theora: a1e56fd34408186e4bbccfd4996cb3dc -> 
  custom:container-muxer-webm: aa71ff27fc2769a1b78a27578f13a17b -> 
  custom:container-demuxer-webm: 4f35f7cbe854078d1ac9338744f61a02 -> 
  custom:container-demuxer-ogg: 62fdf1f143b41e24485cea50d1cbac27 -> 
  custom:video-encoder-webm-vp8: eb34c28f22e8b96e1ab97ce403110664 -> 
  custom:video-decoder-webm-vp8: 9c59270c3fd7afecdb556c50c9e8de78 -> 
  custom:audio-decoder-ogg-vorbis: bf7c407c2cedff20999df2af8eb42d56 -> 
  custom:audio-encoder-webm-vorbis: bf7c407c2cedff20999df2af8eb42d56 -> 
========================================================================
Received Prepare
Registering precompiled user dll's ...
Registered in 0.010673 seconds.
Begin MonoManager ReloadAssembly
Native extension for WindowsStandalone target not found
Native extension for WebGL target not found
Refreshing native plugins compatible for Editor in 0.69 ms, found 2 plugins.
Preloading 0 native plugins for Editor in 0.00 ms.
Mono: successfully reloaded assembly
- Completed reload, in  0.942 seconds
Domain Reload Profiling:
	ReloadAssembly (943ms)
		BeginReloadAssembly (126ms)
			ExecutionOrderSort (0ms)
			DisableScriptedObjects (4ms)
			BackupInstance (0ms)
			ReleaseScriptingObjects (0ms)
			CreateAndSetChildDomain (28ms)
		EndReloadAssembly (770ms)
			LoadAssemblies (117ms)
			RebuildTransferFunctionScriptingTraits (0ms)
			SetupTypeCache (240ms)
			ReleaseScriptCaches (1ms)
			RebuildScriptCaches (31ms)
			SetupLoadedEditorAssemblies (340ms)
				LogAssemblyErrors (0ms)
				InitializePlatformSupportModulesInManaged (4ms)
				SetLoadedEditorAssemblies (1ms)
				RefreshPlugins (1ms)
				BeforeProcessingInitializeOnLoad (42ms)
				ProcessInitializeOnLoadAttributes (283ms)
				ProcessInitializeOnLoadMethodAttributes (6ms)
				AfterProcessingInitializeOnLoad (2ms)
				EditorAssembliesLoaded (0ms)
			ExecutionOrderSort2 (0ms)
			AwakeInstancesAfterBackupRestoration (5ms)
Platform modules already initialized, skipping
Refreshing native plugins compatible for Editor in 0.34 ms, found 2 plugins.
Preloading 0 native plugins for Editor in 0.00 ms.
Unloading 1897 Unused Serialized files (Serialized files now loaded: 0)
System memory in use before: 104.7 MB.
System memory in use after: 104.8 MB.

Unloading 15 unused Assets to reduce memory usage. Loaded Objects now: 2390.
Total: 2.427900 ms (FindLiveObjects: 0.121700 ms CreateObjectMapping: 0.047200 ms MarkObjects: 2.245900 ms  DeleteObjects: 0.012400 ms)

AssetImportParameters requested are different than current active one (requested -> active):
  custom:framework-win-MediaFoundation: 216162199b28c13a410421893ffa2e32 -> 
  custom:video-decoder-ogg-theora: a1e56fd34408186e4bbccfd4996cb3dc -> 
  custom:container-muxer-webm: aa71ff27fc2769a1b78a27578f13a17b -> 
  custom:container-demuxer-webm: 4f35f7cbe854078d1ac9338744f61a02 -> 
  custom:container-demuxer-ogg: 62fdf1f143b41e24485cea50d1cbac27 -> 
  custom:video-encoder-webm-vp8: eb34c28f22e8b96e1ab97ce403110664 -> 
  custom:video-decoder-webm-vp8: 9c59270c3fd7afecdb556c50c9e8de78 -> 
  custom:audio-decoder-ogg-vorbis: bf7c407c2cedff20999df2af8eb42d56 -> 
  custom:audio-encoder-webm-vorbis: bf7c407c2cedff20999df2af8eb42d56 -> 
========================================================================
Received Import Request.
  Time since last request: 134.668578 seconds.
  path: Assets/UI/Font/Timeless.ttf
  artifactKey: Guid(68e6542e99c186a4c81b06806a1f84fb) Importer(815301076,1909f56bfc062723c751e8b465ee728b)
Start importing Assets/UI/Font/Timeless.ttf using Guid(68e6542e99c186a4c81b06806a1f84fb) Importer(815301076,1909f56bfc062723c751e8b465ee728b)  -> (artifact id: '520032aa73d7a92ec5688f4bbce23c42') in 0.129126 seconds 
  Import took 0.132698 seconds .

========================================================================
Received Import Request.
  Time since last request: 0.000380 seconds.
  path: Assets/UI/Font/Timeless-Bold.ttf
  artifactKey: Guid(f0be375e2d94c5e4f98452c83bd52c6c) Importer(815301076,1909f56bfc062723c751e8b465ee728b)
Start importing Assets/UI/Font/Timeless-Bold.ttf using Guid(f0be375e2d94c5e4f98452c83bd52c6c) Importer(815301076,1909f56bfc062723c751e8b465ee728b)  -> (artifact id: 'be3c764e594d4e929fda260278da077e') in 0.020419 seconds 
  Import took 0.024944 seconds .

========================================================================
Received Import Request.
  Time since last request: 322.147474 seconds.
  path: Assets/Levels/LVL1/LVL01.unity
  artifactKey: Guid(309cfb7aee132514395e52174b72e650) Importer(815301076,1909f56bfc062723c751e8b465ee728b)
Start importing Assets/Levels/LVL1/LVL01.unity using Guid(309cfb7aee132514395e52174b72e650) Importer(815301076,1909f56bfc062723c751e8b465ee728b)  -> (artifact id: '92d9a535e20d393fa28e816b8a1f003b') in 0.008512 seconds 
  Import took 0.013341 seconds .

========================================================================
Received Import Request.
  Time since last request: 48.319164 seconds.
  path: Assets/Levels/LVL1
  artifactKey: Guid(600ef2be3a9069d42836ff013d4eccdc) Importer(815301076,1909f56bfc062723c751e8b465ee728b)
Start importing Assets/Levels/LVL1 using Guid(600ef2be3a9069d42836ff013d4eccdc) Importer(815301076,1909f56bfc062723c751e8b465ee728b)  -> (artifact id: '25fb12da9562028c5758568ffd27537a') in 0.007126 seconds 
  Import took 0.011246 seconds .

========================================================================
Received Import Request.
  Time since last request: 0.930935 seconds.
  path: Assets/Levels/LVL1/Assets
  artifactKey: Guid(b17d943820a1ee542ac43e241545f10d) Importer(815301076,1909f56bfc062723c751e8b465ee728b)
Start importing Assets/Levels/LVL1/Assets using Guid(b17d943820a1ee542ac43e241545f10d) Importer(815301076,1909f56bfc062723c751e8b465ee728b)  -> (artifact id: '8529137ca9988f81ee3eeb1bbf94754d') in 0.006555 seconds 
  Import took 0.010317 seconds .

========================================================================
Received Import Request.
  Time since last request: 0.109997 seconds.
  path: Assets/Levels/LVL1/Assets/LVL01_map.fbx
  artifactKey: Guid(be37d975b034389469dfa16897a10aa9) Importer(815301076,1909f56bfc062723c751e8b465ee728b)
Start importing Assets/Levels/LVL1/Assets/LVL01_map.fbx using Guid(be37d975b034389469dfa16897a10aa9) Importer(815301076,1909f56bfc062723c751e8b465ee728b)  -> (artifact id: '043468c2791e454d9cc0da5707fb1280') in 0.061356 seconds 
  Import took 0.064738 seconds .

========================================================================
Received Import Request.
  Time since last request: 0.000266 seconds.
  path: Assets/Levels/LVL1/Assets/mat_pathBackdrop.mat
  artifactKey: Guid(6ec0a5ce0d8f67744bb695388f329566) Importer(815301076,1909f56bfc062723c751e8b465ee728b)
Start importing Assets/Levels/LVL1/Assets/mat_pathBackdrop.mat using Guid(6ec0a5ce0d8f67744bb695388f329566) Importer(815301076,1909f56bfc062723c751e8b465ee728b)  -> (artifact id: '3eb912587cd8fc08e3a9158a4d27ee58') in 0.032379 seconds 
  Import took 0.037028 seconds .

========================================================================
Received Import Request.
  Time since last request: 0.000782 seconds.
  path: Assets/Levels/LVL1/Assets/mat_path.mat
  artifactKey: Guid(bb204d33ff4b2dd4ba282ac95784f981) Importer(815301076,1909f56bfc062723c751e8b465ee728b)
Start importing Assets/Levels/LVL1/Assets/mat_path.mat using Guid(bb204d33ff4b2dd4ba282ac95784f981) Importer(815301076,1909f56bfc062723c751e8b465ee728b)  -> (artifact id: '70823964079e09f2dbdd8b5786a9e2cc') in 0.031528 seconds 
  Import took 0.036762 seconds .

========================================================================
Received Import Request.
  Time since last request: 0.000362 seconds.
  path: Assets/Levels/LVL1/Assets/mat_Backdrop.mat
  artifactKey: Guid(ee7c124ef18df344bb17ea713b4c8ba3) Importer(815301076,1909f56bfc062723c751e8b465ee728b)
Start importing Assets/Levels/LVL1/Assets/mat_Backdrop.mat using Guid(ee7c124ef18df344bb17ea713b4c8ba3) Importer(815301076,1909f56bfc062723c751e8b465ee728b)  -> (artifact id: '15996aa86eddbea19180c026a6311bd4') in 0.036894 seconds 
  Import took 0.042904 seconds .

========================================================================
Received Import Request.
  Time since last request: 0.870436 seconds.
  path: Assets/Levels/LVL1/Assets/MouseOverPath.cs
  artifactKey: Guid(3e35ccf169cc015488d90b82adfa7033) Importer(815301076,1909f56bfc062723c751e8b465ee728b)
Start importing Assets/Levels/LVL1/Assets/MouseOverPath.cs using Guid(3e35ccf169cc015488d90b82adfa7033) Importer(815301076,1909f56bfc062723c751e8b465ee728b)  -> (artifact id: '84d7422dbb67a94e3db18496743694d4') in 0.010345 seconds 
  Import took 0.014125 seconds .

========================================================================
Received Import Request.
  Time since last request: 3.338016 seconds.
  path: Assets/Defense/Tower04/Projectile01 1.prefab
  artifactKey: Guid(cb1bcd1a86d845f44b2c54507f9de557) Importer(815301076,1909f56bfc062723c751e8b465ee728b)
Start importing Assets/Defense/Tower04/Projectile01 1.prefab using Guid(cb1bcd1a86d845f44b2c54507f9de557) Importer(815301076,1909f56bfc062723c751e8b465ee728b)  -> (artifact id: '5b0978555b8217ad6a4c2133797951c3') in 0.017467 seconds 
  Import took 0.021018 seconds .

========================================================================
Received Import Request.
  Time since last request: 0.000321 seconds.
  path: Assets/Defense/Tower04/Tower04.fbx
  artifactKey: Guid(ffe0f5689d4c64e428e0248272dfb039) Importer(815301076,1909f56bfc062723c751e8b465ee728b)
Start importing Assets/Defense/Tower04/Tower04.fbx using Guid(ffe0f5689d4c64e428e0248272dfb039) Importer(815301076,1909f56bfc062723c751e8b465ee728b)  -> (artifact id: '1cb3911f14539dcfed1e6c435561d24d') in 0.116619 seconds 
  Import took 0.119536 seconds .

========================================================================
Received Import Request.
  Time since last request: 0.000248 seconds.
  path: Assets/Defense/Tower04/UITower04.prefab
  artifactKey: Guid(706d6ed0a4abb064db07322d86b1d50e) Importer(815301076,1909f56bfc062723c751e8b465ee728b)
Start importing Assets/Defense/Tower04/UITower04.prefab using Guid(706d6ed0a4abb064db07322d86b1d50e) Importer(815301076,1909f56bfc062723c751e8b465ee728b)  -> (artifact id: 'e6f5550ac3dae37a822dbe2852c6afba') in 0.021443 seconds 
  Import took 0.026276 seconds .

========================================================================
Received Import Request.
  Time since last request: 0.000464 seconds.
  path: Assets/Defense/Tower04/Tower04.prefab
  artifactKey: Guid(63f3f1cfa3369664295ad93de476eb73) Importer(815301076,1909f56bfc062723c751e8b465ee728b)
Start importing Assets/Defense/Tower04/Tower04.prefab using Guid(63f3f1cfa3369664295ad93de476eb73) Importer(815301076,1909f56bfc062723c751e8b465ee728b)  -> (artifact id: '9e07b9ce3813779ece6335a87ea86bf5') in 0.030948 seconds 
  Import took 0.036060 seconds .

========================================================================
Received Prepare
Registering precompiled user dll's ...
Registered in 0.016089 seconds.
Begin MonoManager ReloadAssembly
Native extension for WindowsStandalone target not found
Native extension for WebGL target not found
Refreshing native plugins compatible for Editor in 0.35 ms, found 2 plugins.
Preloading 0 native plugins for Editor in 0.00 ms.
Mono: successfully reloaded assembly
- Completed reload, in  1.104 seconds
Domain Reload Profiling:
	ReloadAssembly (1105ms)
		BeginReloadAssembly (133ms)
			ExecutionOrderSort (0ms)
			DisableScriptedObjects (4ms)
			BackupInstance (0ms)
			ReleaseScriptingObjects (0ms)
			CreateAndSetChildDomain (32ms)
		EndReloadAssembly (918ms)
			LoadAssemblies (116ms)
			RebuildTransferFunctionScriptingTraits (0ms)
			SetupTypeCache (273ms)
			ReleaseScriptCaches (1ms)
			RebuildScriptCaches (36ms)
			SetupLoadedEditorAssemblies (421ms)
				LogAssemblyErrors (0ms)
				InitializePlatformSupportModulesInManaged (5ms)
				SetLoadedEditorAssemblies (0ms)
				RefreshPlugins (0ms)
				BeforeProcessingInitializeOnLoad (52ms)
				ProcessInitializeOnLoadAttributes (353ms)
				ProcessInitializeOnLoadMethodAttributes (7ms)
				AfterProcessingInitializeOnLoad (2ms)
				EditorAssembliesLoaded (0ms)
			ExecutionOrderSort2 (0ms)
			AwakeInstancesAfterBackupRestoration (6ms)
Platform modules already initialized, skipping
Refreshing native plugins compatible for Editor in 0.39 ms, found 2 plugins.
Preloading 0 native plugins for Editor in 0.00 ms.
Unloading 1897 Unused Serialized files (Serialized files now loaded: 0)
System memory in use before: 104.9 MB.
System memory in use after: 105.0 MB.

Unloading 16 unused Assets to reduce memory usage. Loaded Objects now: 2397.
Total: 3.167400 ms (FindLiveObjects: 0.140800 ms CreateObjectMapping: 0.057600 ms MarkObjects: 2.943400 ms  DeleteObjects: 0.024500 ms)

AssetImportParameters requested are different than current active one (requested -> active):
  custom:framework-win-MediaFoundation: 216162199b28c13a410421893ffa2e32 -> 
  custom:video-decoder-ogg-theora: a1e56fd34408186e4bbccfd4996cb3dc -> 
  custom:container-muxer-webm: aa71ff27fc2769a1b78a27578f13a17b -> 
  custom:container-demuxer-webm: 4f35f7cbe854078d1ac9338744f61a02 -> 
  custom:container-demuxer-ogg: 62fdf1f143b41e24485cea50d1cbac27 -> 
  custom:video-encoder-webm-vp8: eb34c28f22e8b96e1ab97ce403110664 -> 
  custom:video-decoder-webm-vp8: 9c59270c3fd7afecdb556c50c9e8de78 -> 
  custom:audio-decoder-ogg-vorbis: bf7c407c2cedff20999df2af8eb42d56 -> 
  custom:audio-encoder-webm-vorbis: bf7c407c2cedff20999df2af8eb42d56 -> 
========================================================================
Received Import Request.
  Time since last request: 214.878534 seconds.
  path: Assets/Defense/Projectile/Projectile01.fbx
  artifactKey: Guid(21345ea35250c444aa560a3e00ec559a) Importer(815301076,1909f56bfc062723c751e8b465ee728b)
Start importing Assets/Defense/Projectile/Projectile01.fbx using Guid(21345ea35250c444aa560a3e00ec559a) Importer(815301076,1909f56bfc062723c751e8b465ee728b)  -> (artifact id: 'c9bbe171db08f8a063b38666a664ac83') in 0.082083 seconds 
  Import took 0.085273 seconds .

========================================================================
Received Import Request.
  Time since last request: 0.000264 seconds.
  path: Assets/Defense/Projectile/Projectile01.prefab
  artifactKey: Guid(ce750006f318ff74f97993dfbcc324d4) Importer(815301076,1909f56bfc062723c751e8b465ee728b)
Start importing Assets/Defense/Projectile/Projectile01.prefab using Guid(ce750006f318ff74f97993dfbcc324d4) Importer(815301076,1909f56bfc062723c751e8b465ee728b)  -> (artifact id: '53be6fbb4635a4bea8cfb23d6decb402') in 0.021010 seconds 
  Import took 0.024712 seconds .

========================================================================
Received Import Request.
  Time since last request: 0.350411 seconds.
  path: Assets/Defense/Tower01/Load_index_side.mat
  artifactKey: Guid(d3de6ca83d837a14193bd788035b1a45) Importer(815301076,1909f56bfc062723c751e8b465ee728b)
Start importing Assets/Defense/Tower01/Load_index_side.mat using Guid(d3de6ca83d837a14193bd788035b1a45) Importer(815301076,1909f56bfc062723c751e8b465ee728b)  -> (artifact id: 'ffeb2d9ec12cac813fece87500b73286') in 0.016377 seconds 
  Import took 0.019465 seconds .

========================================================================
Received Import Request.
  Time since last request: 0.000278 seconds.
  path: Assets/Defense/Tower01/Projectile01 1.prefab
  artifactKey: Guid(82e1f8996969aff4591f064a1f277bed) Importer(815301076,1909f56bfc062723c751e8b465ee728b)
Start importing Assets/Defense/Tower01/Projectile01 1.prefab using Guid(82e1f8996969aff4591f064a1f277bed) Importer(815301076,1909f56bfc062723c751e8b465ee728b)  -> (artifact id: '500cb1ef577b583daf3521e0f9f214b7') in 0.027319 seconds 
  Import took 0.031754 seconds .

========================================================================
Received Import Request.
  Time since last request: 0.000542 seconds.
  path: Assets/Defense/Tower01/Tower01.fbx
  artifactKey: Guid(03322e5ed57a7954a9af731402300b1d) Importer(815301076,1909f56bfc062723c751e8b465ee728b)
Start importing Assets/Defense/Tower01/Tower01.fbx using Guid(03322e5ed57a7954a9af731402300b1d) Importer(815301076,1909f56bfc062723c751e8b465ee728b)  -> (artifact id: 'ce502a00497ea467aa5318749dc38978') in 0.244886 seconds 
  Import took 0.248819 seconds .

========================================================================
Received Import Request.
  Time since last request: 0.000226 seconds.
  path: Assets/Defense/Tower01/UITower01.prefab
  artifactKey: Guid(89543cf875044a34a898b90e53833528) Importer(815301076,1909f56bfc062723c751e8b465ee728b)
Start importing Assets/Defense/Tower01/UITower01.prefab using Guid(89543cf875044a34a898b90e53833528) Importer(815301076,1909f56bfc062723c751e8b465ee728b)  -> (artifact id: '221590475530230d2687edc453d855b4') in 0.062944 seconds 
  Import took 0.067516 seconds .

========================================================================
Received Import Request.
  Time since last request: 0.000504 seconds.
  path: Assets/Defense/Tower01/Tower01.prefab
  artifactKey: Guid(85ced4855ece37e40bf691dc990b1145) Importer(815301076,1909f56bfc062723c751e8b465ee728b)
Start importing Assets/Defense/Tower01/Tower01.prefab using Guid(85ced4855ece37e40bf691dc990b1145) Importer(815301076,1909f56bfc062723c751e8b465ee728b)  -> (artifact id: 'db8d5451f48709c00439b81b3a291ac8') in 0.048946 seconds 
  Import took 0.053019 seconds .

========================================================================
Received Import Request.
  Time since last request: 0.000656 seconds.
  path: Assets/Defense/Tower01/Load_index_top.mat
  artifactKey: Guid(fdfe70c7c3505e946be8668b07711800) Importer(815301076,1909f56bfc062723c751e8b465ee728b)
Start importing Assets/Defense/Tower01/Load_index_top.mat using Guid(fdfe70c7c3505e946be8668b07711800) Importer(815301076,1909f56bfc062723c751e8b465ee728b)  -> (artifact id: 'b944f8960c5914ecec25bd39da3fa49e') in 0.040387 seconds 
  Import took 0.045965 seconds .

========================================================================
Received Prepare
Registering precompiled user dll's ...
Registered in 0.014348 seconds.
Begin MonoManager ReloadAssembly
Native extension for WindowsStandalone target not found
Native extension for WebGL target not found
Refreshing native plugins compatible for Editor in 0.36 ms, found 2 plugins.
Preloading 0 native plugins for Editor in 0.00 ms.
Mono: successfully reloaded assembly
- Completed reload, in  1.032 seconds
Domain Reload Profiling:
	ReloadAssembly (1032ms)
		BeginReloadAssembly (130ms)
			ExecutionOrderSort (0ms)
			DisableScriptedObjects (3ms)
			BackupInstance (0ms)
			ReleaseScriptingObjects (0ms)
			CreateAndSetChildDomain (33ms)
		EndReloadAssembly (848ms)
			LoadAssemblies (125ms)
			RebuildTransferFunctionScriptingTraits (0ms)
			SetupTypeCache (264ms)
			ReleaseScriptCaches (1ms)
			RebuildScriptCaches (34ms)
			SetupLoadedEditorAssemblies (366ms)
				LogAssemblyErrors (0ms)
				InitializePlatformSupportModulesInManaged (5ms)
				SetLoadedEditorAssemblies (0ms)
				RefreshPlugins (0ms)
				BeforeProcessingInitializeOnLoad (47ms)
				ProcessInitializeOnLoadAttributes (305ms)
				ProcessInitializeOnLoadMethodAttributes (7ms)
				AfterProcessingInitializeOnLoad (2ms)
				EditorAssembliesLoaded (0ms)
			ExecutionOrderSort2 (0ms)
			AwakeInstancesAfterBackupRestoration (5ms)
Platform modules already initialized, skipping
Refreshing native plugins compatible for Editor in 0.53 ms, found 2 plugins.
Preloading 0 native plugins for Editor in 0.00 ms.
Unloading 1897 Unused Serialized files (Serialized files now loaded: 0)
System memory in use before: 104.9 MB.
System memory in use after: 105.0 MB.

Unloading 16 unused Assets to reduce memory usage. Loaded Objects now: 2400.
Total: 4.292400 ms (FindLiveObjects: 0.222500 ms CreateObjectMapping: 0.101200 ms MarkObjects: 3.942800 ms  DeleteObjects: 0.024200 ms)

AssetImportParameters requested are different than current active one (requested -> active):
  custom:framework-win-MediaFoundation: 216162199b28c13a410421893ffa2e32 -> 
  custom:video-decoder-ogg-theora: a1e56fd34408186e4bbccfd4996cb3dc -> 
  custom:container-muxer-webm: aa71ff27fc2769a1b78a27578f13a17b -> 
  custom:container-demuxer-webm: 4f35f7cbe854078d1ac9338744f61a02 -> 
  custom:container-demuxer-ogg: 62fdf1f143b41e24485cea50d1cbac27 -> 
  custom:video-encoder-webm-vp8: eb34c28f22e8b96e1ab97ce403110664 -> 
  custom:video-decoder-webm-vp8: 9c59270c3fd7afecdb556c50c9e8de78 -> 
  custom:audio-decoder-ogg-vorbis: bf7c407c2cedff20999df2af8eb42d56 -> 
  custom:audio-encoder-webm-vorbis: bf7c407c2cedff20999df2af8eb42d56 -> 
========================================================================
Received Import Request.
  Time since last request: 6.035604 seconds.
  path: Assets/Defense/Tower02/UITower02.prefab
  artifactKey: Guid(143186728341d224b97e6626577b7f4b) Importer(815301076,1909f56bfc062723c751e8b465ee728b)
Start importing Assets/Defense/Tower02/UITower02.prefab using Guid(143186728341d224b97e6626577b7f4b) Importer(815301076,1909f56bfc062723c751e8b465ee728b)  -> (artifact id: 'bc18e9c92bad9fe2caba479df5bafa59') in 0.100932 seconds 
  Import took 0.106032 seconds .

========================================================================
Received Import Request.
  Time since last request: 0.000374 seconds.
  path: Assets/Defense/Tower02/Projectile01 2.prefab
  artifactKey: Guid(15f0f9f4013dfe5409e7b5c63e9ca0bd) Importer(815301076,1909f56bfc062723c751e8b465ee728b)
Start importing Assets/Defense/Tower02/Projectile01 2.prefab using Guid(15f0f9f4013dfe5409e7b5c63e9ca0bd) Importer(815301076,1909f56bfc062723c751e8b465ee728b)  -> (artifact id: 'bcfb83e5250c48317fe0c2b18fe41cff') in 0.022984 seconds 
  Import took 0.027544 seconds .

========================================================================
Received Import Request.
  Time since last request: 0.000345 seconds.
  path: Assets/Defense/Tower02/Tower02.prefab
  artifactKey: Guid(450c5f01be91109478cda79d7b11050d) Importer(815301076,1909f56bfc062723c751e8b465ee728b)
Start importing Assets/Defense/Tower02/Tower02.prefab using Guid(450c5f01be91109478cda79d7b11050d) Importer(815301076,1909f56bfc062723c751e8b465ee728b)  -> (artifact id: 'a44cbec4f920fcc40b0960d2a01b29e7') in 0.065831 seconds 
  Import took 0.070973 seconds .

========================================================================
Received Import Request.
  Time since last request: 0.000332 seconds.
  path: Assets/Defense/Tower02/Tower02.fbx
  artifactKey: Guid(294756dc436895943909025425dece5d) Importer(815301076,1909f56bfc062723c751e8b465ee728b)
Start importing Assets/Defense/Tower02/Tower02.fbx using Guid(294756dc436895943909025425dece5d) Importer(815301076,1909f56bfc062723c751e8b465ee728b)  -> (artifact id: '9d2983717569120b89bf40e9934e5491') in 0.131050 seconds 
  Import took 0.134127 seconds .

========================================================================
Received Import Request.
  Time since last request: 1.844806 seconds.
  path: Assets/Defense/Tower03/Projectile01 1.prefab
  artifactKey: Guid(6994568857e0c3c4daec26496025efeb) Importer(815301076,1909f56bfc062723c751e8b465ee728b)
Start importing Assets/Defense/Tower03/Projectile01 1.prefab using Guid(6994568857e0c3c4daec26496025efeb) Importer(815301076,1909f56bfc062723c751e8b465ee728b)  -> (artifact id: '20f548f0dbb21eb9e0f56972a7b21ce1') in 0.011838 seconds 
  Import took 0.015406 seconds .

========================================================================
Received Import Request.
  Time since last request: 0.000247 seconds.
  path: Assets/Defense/Tower03/Tower03.fbx
  artifactKey: Guid(942edd8b4eeb04848983d61d41eca10d) Importer(815301076,1909f56bfc062723c751e8b465ee728b)
Start importing Assets/Defense/Tower03/Tower03.fbx using Guid(942edd8b4eeb04848983d61d41eca10d) Importer(815301076,1909f56bfc062723c751e8b465ee728b)  -> (artifact id: 'cd266e63ee2675dd6d920f960e02eed5') in 0.130319 seconds 
  Import took 0.132823 seconds .

========================================================================
Received Import Request.
  Time since last request: 0.000240 seconds.
  path: Assets/Defense/Tower03/Tower03.prefab
  artifactKey: Guid(5ba5ceab16696e44d8b46dfc0fc472fb) Importer(815301076,1909f56bfc062723c751e8b465ee728b)
Start importing Assets/Defense/Tower03/Tower03.prefab using Guid(5ba5ceab16696e44d8b46dfc0fc472fb) Importer(815301076,1909f56bfc062723c751e8b465ee728b)  -> (artifact id: 'eaa6048144250b9d04170cf8073d9249') in 0.025644 seconds 
  Import took 0.030047 seconds .

========================================================================
Received Import Request.
  Time since last request: 0.000389 seconds.
  path: Assets/Defense/Tower03/UITower03.prefab
  artifactKey: Guid(83b54cc00f408d14093441c51cd811f8) Importer(815301076,1909f56bfc062723c751e8b465ee728b)
Start importing Assets/Defense/Tower03/UITower03.prefab using Guid(83b54cc00f408d14093441c51cd811f8) Importer(815301076,1909f56bfc062723c751e8b465ee728b)  -> (artifact id: '42204301bb2406c671bd63829cf02c8d') in 0.029124 seconds 
  Import took 0.034655 seconds .

========================================================================
Received Import Request.
  Time since last request: 6.460649 seconds.
  path: Assets/Defense/Tower03/Tower03.prefab
  artifactKey: Guid(5ba5ceab16696e44d8b46dfc0fc472fb) Importer(815301076,1909f56bfc062723c751e8b465ee728b)
Start importing Assets/Defense/Tower03/Tower03.prefab using Guid(5ba5ceab16696e44d8b46dfc0fc472fb) Importer(815301076,1909f56bfc062723c751e8b465ee728b)  -> (artifact id: '3cac6cbff51b6c2be24152aa4b08f49c') in 0.036025 seconds 
  Import took 0.041516 seconds .

========================================================================
Received Prepare
Registering precompiled user dll's ...
Registered in 0.009662 seconds.
Begin MonoManager ReloadAssembly
Native extension for WindowsStandalone target not found
Native extension for WebGL target not found
Refreshing native plugins compatible for Editor in 0.46 ms, found 2 plugins.
Preloading 0 native plugins for Editor in 0.00 ms.
Mono: successfully reloaded assembly
- Completed reload, in  1.194 seconds
Domain Reload Profiling:
	ReloadAssembly (1194ms)
		BeginReloadAssembly (115ms)
			ExecutionOrderSort (0ms)
			DisableScriptedObjects (4ms)
			BackupInstance (0ms)
			ReleaseScriptingObjects (0ms)
			CreateAndSetChildDomain (32ms)
		EndReloadAssembly (1020ms)
			LoadAssemblies (125ms)
			RebuildTransferFunctionScriptingTraits (0ms)
			SetupTypeCache (322ms)
			ReleaseScriptCaches (1ms)
			RebuildScriptCaches (53ms)
			SetupLoadedEditorAssemblies (424ms)
				LogAssemblyErrors (0ms)
				InitializePlatformSupportModulesInManaged (5ms)
				SetLoadedEditorAssemblies (0ms)
				RefreshPlugins (1ms)
				BeforeProcessingInitializeOnLoad (51ms)
				ProcessInitializeOnLoadAttributes (358ms)
				ProcessInitializeOnLoadMethodAttributes (7ms)
				AfterProcessingInitializeOnLoad (2ms)
				EditorAssembliesLoaded (0ms)
			ExecutionOrderSort2 (0ms)
			AwakeInstancesAfterBackupRestoration (6ms)
Platform modules already initialized, skipping
Refreshing native plugins compatible for Editor in 0.40 ms, found 2 plugins.
Preloading 0 native plugins for Editor in 0.00 ms.
Unloading 1897 Unused Serialized files (Serialized files now loaded: 0)
System memory in use before: 105.0 MB.
System memory in use after: 105.1 MB.

Unloading 15 unused Assets to reduce memory usage. Loaded Objects now: 2403.
Total: 4.448200 ms (FindLiveObjects: 0.237900 ms CreateObjectMapping: 0.069100 ms MarkObjects: 4.120600 ms  DeleteObjects: 0.019300 ms)

AssetImportParameters requested are different than current active one (requested -> active):
  custom:framework-win-MediaFoundation: 216162199b28c13a410421893ffa2e32 -> 
  custom:video-decoder-ogg-theora: a1e56fd34408186e4bbccfd4996cb3dc -> 
  custom:container-muxer-webm: aa71ff27fc2769a1b78a27578f13a17b -> 
  custom:container-demuxer-webm: 4f35f7cbe854078d1ac9338744f61a02 -> 
  custom:container-demuxer-ogg: 62fdf1f143b41e24485cea50d1cbac27 -> 
  custom:video-encoder-webm-vp8: eb34c28f22e8b96e1ab97ce403110664 -> 
  custom:video-decoder-webm-vp8: 9c59270c3fd7afecdb556c50c9e8de78 -> 
  custom:audio-decoder-ogg-vorbis: bf7c407c2cedff20999df2af8eb42d56 -> 
  custom:audio-encoder-webm-vorbis: bf7c407c2cedff20999df2af8eb42d56 -> 
========================================================================
Received Prepare
Refreshing native plugins compatible for Editor in 5.72 ms, found 2 plugins.
Preloading 0 native plugins for Editor in 0.00 ms.
Unloading 13 Unused Serialized files (Serialized files now loaded: 0)
System memory in use before: 67.7 MB.
System memory in use after: 67.8 MB.

Unloading 13 unused Assets to reduce memory usage. Loaded Objects now: 2403.
Total: 3.218600 ms (FindLiveObjects: 0.151800 ms CreateObjectMapping: 0.063900 ms MarkObjects: 2.983800 ms  DeleteObjects: 0.017700 ms)

AssetImportParameters requested are different than current active one (requested -> active):
  custom:framework-win-MediaFoundation: 216162199b28c13a410421893ffa2e32 -> 
  custom:video-decoder-ogg-theora: a1e56fd34408186e4bbccfd4996cb3dc -> 
  custom:container-muxer-webm: aa71ff27fc2769a1b78a27578f13a17b -> 
  custom:container-demuxer-webm: 4f35f7cbe854078d1ac9338744f61a02 -> 
  custom:container-demuxer-ogg: 62fdf1f143b41e24485cea50d1cbac27 -> 
  custom:video-encoder-webm-vp8: eb34c28f22e8b96e1ab97ce403110664 -> 
  custom:video-decoder-webm-vp8: 9c59270c3fd7afecdb556c50c9e8de78 -> 
  custom:audio-decoder-ogg-vorbis: bf7c407c2cedff20999df2af8eb42d56 -> 
  custom:audio-encoder-webm-vorbis: bf7c407c2cedff20999df2af8eb42d56 -> 
========================================================================
Received Prepare
Registering precompiled user dll's ...
Registered in 0.008954 seconds.
Begin MonoManager ReloadAssembly
Native extension for WindowsStandalone target not found
Native extension for WebGL target not found
Refreshing native plugins compatible for Editor in 0.35 ms, found 2 plugins.
Preloading 0 native plugins for Editor in 0.00 ms.
Mono: successfully reloaded assembly
- Completed reload, in  1.185 seconds
Domain Reload Profiling:
	ReloadAssembly (1185ms)
		BeginReloadAssembly (133ms)
			ExecutionOrderSort (0ms)
			DisableScriptedObjects (4ms)
			BackupInstance (0ms)
			ReleaseScriptingObjects (0ms)
			CreateAndSetChildDomain (37ms)
		EndReloadAssembly (998ms)
			LoadAssemblies (136ms)
			RebuildTransferFunctionScriptingTraits (0ms)
			SetupTypeCache (334ms)
			ReleaseScriptCaches (1ms)
			RebuildScriptCaches (44ms)
			SetupLoadedEditorAssemblies (407ms)
				LogAssemblyErrors (0ms)
				InitializePlatformSupportModulesInManaged (5ms)
				SetLoadedEditorAssemblies (0ms)
				RefreshPlugins (0ms)
				BeforeProcessingInitializeOnLoad (46ms)
				ProcessInitializeOnLoadAttributes (345ms)
				ProcessInitializeOnLoadMethodAttributes (7ms)
				AfterProcessingInitializeOnLoad (2ms)
				EditorAssembliesLoaded (0ms)
			ExecutionOrderSort2 (0ms)
			AwakeInstancesAfterBackupRestoration (6ms)
Platform modules already initialized, skipping
Refreshing native plugins compatible for Editor in 0.58 ms, found 2 plugins.
Preloading 0 native plugins for Editor in 0.00 ms.
Unloading 1897 Unused Serialized files (Serialized files now loaded: 0)
System memory in use before: 105.0 MB.
System memory in use after: 105.1 MB.

Unloading 15 unused Assets to reduce memory usage. Loaded Objects now: 2405.
Total: 3.166100 ms (FindLiveObjects: 0.143400 ms CreateObjectMapping: 0.056200 ms MarkObjects: 2.947500 ms  DeleteObjects: 0.017900 ms)

AssetImportParameters requested are different than current active one (requested -> active):
  custom:framework-win-MediaFoundation: 216162199b28c13a410421893ffa2e32 -> 
  custom:video-decoder-ogg-theora: a1e56fd34408186e4bbccfd4996cb3dc -> 
  custom:container-muxer-webm: aa71ff27fc2769a1b78a27578f13a17b -> 
  custom:container-demuxer-webm: 4f35f7cbe854078d1ac9338744f61a02 -> 
  custom:container-demuxer-ogg: 62fdf1f143b41e24485cea50d1cbac27 -> 
  custom:video-encoder-webm-vp8: eb34c28f22e8b96e1ab97ce403110664 -> 
  custom:video-decoder-webm-vp8: 9c59270c3fd7afecdb556c50c9e8de78 -> 
  custom:audio-decoder-ogg-vorbis: bf7c407c2cedff20999df2af8eb42d56 -> 
  custom:audio-encoder-webm-vorbis: bf7c407c2cedff20999df2af8eb42d56 -> 
========================================================================
Received Prepare
Registering precompiled user dll's ...
Registered in 0.010396 seconds.
Begin MonoManager ReloadAssembly
Native extension for WindowsStandalone target not found
Native extension for WebGL target not found
Refreshing native plugins compatible for Editor in 0.35 ms, found 2 plugins.
Preloading 0 native plugins for Editor in 0.00 ms.
Mono: successfully reloaded assembly
- Completed reload, in  0.986 seconds
Domain Reload Profiling:
	ReloadAssembly (986ms)
		BeginReloadAssembly (117ms)
			ExecutionOrderSort (0ms)
			DisableScriptedObjects (4ms)
			BackupInstance (0ms)
			ReleaseScriptingObjects (0ms)
			CreateAndSetChildDomain (29ms)
		EndReloadAssembly (819ms)
			LoadAssemblies (104ms)
			RebuildTransferFunctionScriptingTraits (0ms)
			SetupTypeCache (257ms)
			ReleaseScriptCaches (1ms)
			RebuildScriptCaches (36ms)
			SetupLoadedEditorAssemblies (356ms)
				LogAssemblyErrors (0ms)
				InitializePlatformSupportModulesInManaged (5ms)
				SetLoadedEditorAssemblies (0ms)
				RefreshPlugins (0ms)
				BeforeProcessingInitializeOnLoad (45ms)
				ProcessInitializeOnLoadAttributes (296ms)
				ProcessInitializeOnLoadMethodAttributes (6ms)
				AfterProcessingInitializeOnLoad (2ms)
				EditorAssembliesLoaded (0ms)
			ExecutionOrderSort2 (0ms)
			AwakeInstancesAfterBackupRestoration (6ms)
Platform modules already initialized, skipping
Refreshing native plugins compatible for Editor in 0.45 ms, found 2 plugins.
Preloading 0 native plugins for Editor in 0.00 ms.
Unloading 1897 Unused Serialized files (Serialized files now loaded: 0)
System memory in use before: 105.0 MB.
System memory in use after: 105.1 MB.

Unloading 15 unused Assets to reduce memory usage. Loaded Objects now: 2407.
Total: 2.708900 ms (FindLiveObjects: 0.136500 ms CreateObjectMapping: 0.057600 ms MarkObjects: 2.482700 ms  DeleteObjects: 0.031400 ms)

AssetImportParameters requested are different than current active one (requested -> active):
  custom:framework-win-MediaFoundation: 216162199b28c13a410421893ffa2e32 -> 
  custom:video-decoder-ogg-theora: a1e56fd34408186e4bbccfd4996cb3dc -> 
  custom:container-muxer-webm: aa71ff27fc2769a1b78a27578f13a17b -> 
  custom:container-demuxer-webm: 4f35f7cbe854078d1ac9338744f61a02 -> 
  custom:container-demuxer-ogg: 62fdf1f143b41e24485cea50d1cbac27 -> 
  custom:video-encoder-webm-vp8: eb34c28f22e8b96e1ab97ce403110664 -> 
  custom:video-decoder-webm-vp8: 9c59270c3fd7afecdb556c50c9e8de78 -> 
  custom:audio-decoder-ogg-vorbis: bf7c407c2cedff20999df2af8eb42d56 -> 
  custom:audio-encoder-webm-vorbis: bf7c407c2cedff20999df2af8eb42d56 -> 
========================================================================
Received Prepare
Registering precompiled user dll's ...
Registered in 0.008935 seconds.
Begin MonoManager ReloadAssembly
Native extension for WindowsStandalone target not found
Native extension for WebGL target not found
Refreshing native plugins compatible for Editor in 0.35 ms, found 2 plugins.
Preloading 0 native plugins for Editor in 0.00 ms.
Mono: successfully reloaded assembly
- Completed reload, in  0.978 seconds
Domain Reload Profiling:
	ReloadAssembly (978ms)
		BeginReloadAssembly (111ms)
			ExecutionOrderSort (0ms)
			DisableScriptedObjects (4ms)
			BackupInstance (0ms)
			ReleaseScriptingObjects (0ms)
			CreateAndSetChildDomain (30ms)
		EndReloadAssembly (813ms)
			LoadAssemblies (95ms)
			RebuildTransferFunctionScriptingTraits (0ms)
			SetupTypeCache (268ms)
			ReleaseScriptCaches (1ms)
			RebuildScriptCaches (34ms)
			SetupLoadedEditorAssemblies (348ms)
				LogAssemblyErrors (0ms)
				InitializePlatformSupportModulesInManaged (5ms)
				SetLoadedEditorAssemblies (0ms)
				RefreshPlugins (0ms)
				BeforeProcessingInitializeOnLoad (43ms)
				ProcessInitializeOnLoadAttributes (291ms)
				ProcessInitializeOnLoadMethodAttributes (7ms)
				AfterProcessingInitializeOnLoad (2ms)
				EditorAssembliesLoaded (0ms)
			ExecutionOrderSort2 (0ms)
			AwakeInstancesAfterBackupRestoration (6ms)
Platform modules already initialized, skipping
Refreshing native plugins compatible for Editor in 0.35 ms, found 2 plugins.
Preloading 0 native plugins for Editor in 0.00 ms.
Unloading 1897 Unused Serialized files (Serialized files now loaded: 0)
System memory in use before: 105.0 MB.
System memory in use after: 105.1 MB.

Unloading 15 unused Assets to reduce memory usage. Loaded Objects now: 2409.
Total: 2.900200 ms (FindLiveObjects: 0.134700 ms CreateObjectMapping: 0.052100 ms MarkObjects: 2.671400 ms  DeleteObjects: 0.014500 ms)

AssetImportParameters requested are different than current active one (requested -> active):
  custom:framework-win-MediaFoundation: 216162199b28c13a410421893ffa2e32 -> 
  custom:video-decoder-ogg-theora: a1e56fd34408186e4bbccfd4996cb3dc -> 
  custom:container-muxer-webm: aa71ff27fc2769a1b78a27578f13a17b -> 
  custom:container-demuxer-webm: 4f35f7cbe854078d1ac9338744f61a02 -> 
  custom:container-demuxer-ogg: 62fdf1f143b41e24485cea50d1cbac27 -> 
  custom:video-encoder-webm-vp8: eb34c28f22e8b96e1ab97ce403110664 -> 
  custom:video-decoder-webm-vp8: 9c59270c3fd7afecdb556c50c9e8de78 -> 
  custom:audio-decoder-ogg-vorbis: bf7c407c2cedff20999df2af8eb42d56 -> 
  custom:audio-encoder-webm-vorbis: bf7c407c2cedff20999df2af8eb42d56 -> 
========================================================================
Received Prepare
Registering precompiled user dll's ...
Registered in 0.013562 seconds.
Begin MonoManager ReloadAssembly
Native extension for WindowsStandalone target not found
Native extension for WebGL target not found
Refreshing native plugins compatible for Editor in 0.37 ms, found 2 plugins.
Preloading 0 native plugins for Editor in 0.00 ms.
Mono: successfully reloaded assembly
- Completed reload, in  1.033 seconds
Domain Reload Profiling:
	ReloadAssembly (1034ms)
		BeginReloadAssembly (134ms)
			ExecutionOrderSort (0ms)
			DisableScriptedObjects (10ms)
			BackupInstance (0ms)
			ReleaseScriptingObjects (0ms)
			CreateAndSetChildDomain (36ms)
		EndReloadAssembly (849ms)
			LoadAssemblies (101ms)
			RebuildTransferFunctionScriptingTraits (0ms)
			SetupTypeCache (267ms)
			ReleaseScriptCaches (1ms)
			RebuildScriptCaches (33ms)
			SetupLoadedEditorAssemblies (380ms)
				LogAssemblyErrors (0ms)
				InitializePlatformSupportModulesInManaged (4ms)
				SetLoadedEditorAssemblies (0ms)
				RefreshPlugins (0ms)
				BeforeProcessingInitializeOnLoad (43ms)
				ProcessInitializeOnLoadAttributes (322ms)
				ProcessInitializeOnLoadMethodAttributes (7ms)
				AfterProcessingInitializeOnLoad (3ms)
				EditorAssembliesLoaded (0ms)
			ExecutionOrderSort2 (0ms)
			AwakeInstancesAfterBackupRestoration (6ms)
Platform modules already initialized, skipping
Refreshing native plugins compatible for Editor in 0.61 ms, found 2 plugins.
Preloading 0 native plugins for Editor in 0.00 ms.
Unloading 1897 Unused Serialized files (Serialized files now loaded: 0)
System memory in use before: 105.0 MB.
System memory in use after: 105.1 MB.

Unloading 15 unused Assets to reduce memory usage. Loaded Objects now: 2411.
Total: 2.901000 ms (FindLiveObjects: 0.126000 ms CreateObjectMapping: 0.048800 ms MarkObjects: 2.676600 ms  DeleteObjects: 0.048900 ms)

AssetImportParameters requested are different than current active one (requested -> active):
  custom:framework-win-MediaFoundation: 216162199b28c13a410421893ffa2e32 -> 
  custom:video-decoder-ogg-theora: a1e56fd34408186e4bbccfd4996cb3dc -> 
  custom:container-muxer-webm: aa71ff27fc2769a1b78a27578f13a17b -> 
  custom:container-demuxer-webm: 4f35f7cbe854078d1ac9338744f61a02 -> 
  custom:container-demuxer-ogg: 62fdf1f143b41e24485cea50d1cbac27 -> 
  custom:video-encoder-webm-vp8: eb34c28f22e8b96e1ab97ce403110664 -> 
  custom:video-decoder-webm-vp8: 9c59270c3fd7afecdb556c50c9e8de78 -> 
  custom:audio-decoder-ogg-vorbis: bf7c407c2cedff20999df2af8eb42d56 -> 
  custom:audio-encoder-webm-vorbis: bf7c407c2cedff20999df2af8eb42d56 -> 
AssetImportWorkerClient::OnTransportError - code=2 error=End of file
